<?xml version="1.0" encoding="UTF-8"?>
<!-- Generated by org.testng.reporters.JUnitReportReporter -->
<testsuite skipped="0" hostname="DESKTOP-R4ANDCB" name="chromeTest.SelTest" tests="1" failures="0" timestamp="24 Apr 2019 11:50:51 GMT" time="7.072" errors="0">
  <testcase name="cTest" time="7.072" classname="chromeTest.SelTest"/>
</testsuite> <!-- chromeTest.SelTest -->
